[2025-05-20 12:12:51] local.INFO: Central veritabanında demo hero oluşturuldu.  
[2025-05-20 12:12:51] local.INFO: Tenant 2 için hero başarıyla oluşturuldu.  
[2025-05-20 12:12:51] local.INFO: Tenant 3 için hero başarıyla oluşturuldu.  
[2025-05-20 12:12:51] local.INFO: Tenant 4 için hero başarıyla oluşturuldu.  
[2025-05-20 12:12:51] local.INFO: Media kategorisi bulundu, slider bu kategori altına eklenecek.  
[2025-05-20 12:12:51] local.INFO: Slider alt kategorisi oluşturuldu: Sliderlar (slug: sliderlar)  
[2025-05-20 12:12:51] local.INFO: Central veritabanında demo tenant slider oluşturuldu.  
[2025-05-20 12:12:51] local.INFO: Tenant 2 için slider başarıyla oluşturuldu.  
[2025-05-20 12:12:51] local.ERROR: Tenant 2 için slider oluşturma hatası: Undefined variable $tenantCacheKey  
[2025-05-20 12:12:51] local.INFO: Tenant 3 için slider başarıyla oluşturuldu.  
[2025-05-20 12:12:51] local.ERROR: Tenant 3 için slider oluşturma hatası: Undefined variable $tenantCacheKey  
[2025-05-20 12:12:51] local.INFO: Tenant 4 için slider başarıyla oluşturuldu.  
[2025-05-20 12:12:51] local.ERROR: Tenant 4 için slider oluşturma hatası: Undefined variable $tenantCacheKey  
[2025-05-20 12:12:51] local.INFO: Slider bileşeni başarıyla oluşturuldu.  
[2025-05-20 12:12:52] local.INFO: Tenant içinde hero widget zaten oluşturulmuş, atlanıyor...  
[2025-05-20 12:12:52] local.INFO: Tenant içinde slider widget zaten var, atlanıyor...  
[2025-05-20 12:12:52] local.INFO: Tenant içinde hero widget zaten oluşturulmuş, atlanıyor...  
[2025-05-20 12:12:52] local.INFO: Tenant içinde slider widget zaten var, atlanıyor...  
[2025-05-20 12:12:52] local.INFO: Tenant içinde hero widget zaten oluşturulmuş, atlanıyor...  
[2025-05-20 12:12:52] local.INFO: Tenant içinde slider widget zaten var, atlanıyor...  
[2025-05-20 12:12:52] local.INFO: Route ID parametresi bulunmadı, izin tipi 'create' olarak değiştirildi.  
[2025-05-20 12:12:52] local.INFO: ModulePermissionMiddleware: User ID: 1, Email: nurullah@nurullah.net, Module: settingmanagement, Permission: create, Roles: root  
[2025-05-20 12:12:54] local.INFO: ModulePermissionMiddleware: User ID: 1, Email: nurullah@nurullah.net, Module: settingmanagement, Permission: view, Roles: root  
[2025-05-20 12:12:54] local.INFO: ModulePermissionMiddleware: User ID: 1, Email: nurullah@nurullah.net, Module: settingmanagement, Permission: view, Roles: root  
[2025-05-20 12:12:55] local.INFO: ModulePermissionMiddleware: User ID: 1, Email: nurullah@nurullah.net, Module: settingmanagement, Permission: view, Roles: root  
[2025-05-20 12:12:55] local.INFO: ModulePermissionMiddleware: User ID: 1, Email: nurullah@nurullah.net, Module: settingmanagement, Permission: view, Roles: root  
[2025-05-20 12:12:56] local.INFO: ModulePermissionMiddleware: User ID: 1, Email: nurullah@nurullah.net, Module: settingmanagement, Permission: view, Roles: root  
[2025-05-20 12:12:57] local.INFO: ModulePermissionMiddleware: User ID: 1, Email: nurullah@nurullah.net, Module: settingmanagement, Permission: view, Roles: root  
[2025-05-20 12:13:00] local.INFO: ModulePermissionMiddleware: User ID: 1, Email: nurullah@nurullah.net, Module: settingmanagement, Permission: view, Roles: root  
[2025-05-20 12:13:00] local.INFO: ModulePermissionMiddleware: User ID: 1, Email: nurullah@nurullah.net, Module: settingmanagement, Permission: view, Roles: root  
[2025-05-20 12:13:01] local.INFO: ModulePermissionMiddleware: User ID: 1, Email: nurullah@nurullah.net, Module: settingmanagement, Permission: view, Roles: root  
[2025-05-20 12:25:06] local.INFO: Route ID parametresi bulunmadı, izin tipi 'create' olarak değiştirildi.  
[2025-05-20 12:25:06] local.INFO: ModulePermissionMiddleware: User ID: 1, Email: nurullah@nurullah.net, Module: settingmanagement, Permission: create, Roles: root  
[2025-05-20 12:25:08] local.INFO: ModulePermissionMiddleware: User ID: 1, Email: nurullah@nurullah.net, Module: settingmanagement, Permission: view, Roles: root  
[2025-05-20 12:25:09] local.INFO: ModulePermissionMiddleware: User ID: 1, Email: nurullah@nurullah.net, Module: settingmanagement, Permission: view, Roles: root  
[2025-05-20 12:25:09] local.INFO: ModulePermissionMiddleware: User ID: 1, Email: nurullah@nurullah.net, Module: settingmanagement, Permission: view, Roles: root  
[2025-05-20 12:25:10] local.INFO: ModulePermissionMiddleware: User ID: 1, Email: nurullah@nurullah.net, Module: settingmanagement, Permission: view, Roles: root  
[2025-05-20 12:25:10] local.INFO: ModulePermissionMiddleware: User ID: 1, Email: nurullah@nurullah.net, Module: settingmanagement, Permission: view, Roles: root  
[2025-05-20 12:25:11] local.INFO: ModulePermissionMiddleware: User ID: 1, Email: nurullah@nurullah.net, Module: settingmanagement, Permission: view, Roles: root  
[2025-05-20 12:25:17] local.INFO: ModulePermissionMiddleware: User ID: 1, Email: nurullah@nurullah.net, Module: settingmanagement, Permission: view, Roles: root  
[2025-05-20 12:25:17] local.INFO: ModulePermissionMiddleware: User ID: 1, Email: nurullah@nurullah.net, Module: settingmanagement, Permission: view, Roles: root  
[2025-05-20 12:25:18] local.INFO: ModulePermissionMiddleware: User ID: 1, Email: nurullah@nurullah.net, Module: settingmanagement, Permission: view, Roles: root  
[2025-05-20 12:25:20] local.INFO: ModulePermissionMiddleware: User ID: 1, Email: nurullah@nurullah.net, Module: settingmanagement, Permission: view, Roles: root  
[2025-05-20 12:25:20] local.INFO: ModulePermissionMiddleware: User ID: 1, Email: nurullah@nurullah.net, Module: settingmanagement, Permission: view, Roles: root  
[2025-05-20 12:25:21] local.INFO: ModulePermissionMiddleware: User ID: 1, Email: nurullah@nurullah.net, Module: settingmanagement, Permission: view, Roles: root  
[2025-05-20 12:25:31] local.INFO: ModulePermissionMiddleware: User ID: 1, Email: nurullah@nurullah.net, Module: settingmanagement, Permission: view, Roles: root  
[2025-05-20 12:25:31] local.INFO: ModulePermissionMiddleware: User ID: 1, Email: nurullah@nurullah.net, Module: settingmanagement, Permission: view, Roles: root  
[2025-05-20 12:25:32] local.INFO: ModulePermissionMiddleware: User ID: 1, Email: nurullah@nurullah.net, Module: settingmanagement, Permission: view, Roles: root  
[2025-05-20 12:25:36] local.INFO: Route ID parametresi bulunmadı, izin tipi 'create' olarak değiştirildi.  
[2025-05-20 12:25:36] local.INFO: ModulePermissionMiddleware: User ID: 1, Email: nurullah@nurullah.net, Module: settingmanagement, Permission: create, Roles: root  
[2025-05-20 12:25:36] local.INFO: Log: Site Ayarları - form layout güncellendi  
